<?xml version="1.0" encoding="UTF-8"?>
<testsuite xmlns:xsi="http://www.w3.org/2001/XMLSchema-instance" xsi:noNamespaceSchemaLocation="https://maven.apache.org/surefire/maven-surefire-plugin/xsd/surefire-test-report-3.0.xsd" version="3.0" name="finki.diansproject.DiansProjectApplicationTests" time="4.909" tests="1" errors="0" skipped="0" failures="0">
  <properties>
[...]
</properties>
  <testcase name="contextLoads" classname="finki.diansproject.DiansProjectApplicationTests" time="0.805">
    <system-out><![CDATA[00:59:22.366 [main] INFO org.springframework.test.context.support.AnnotationConfigContextLoaderUtils -- Could not detect default configuration classes for test class [finki.diansproject.DiansProjectApplicationTests]: DiansProjectApplicationTests does not declare any static, non-private, non-final, nested classes annotated with @Configuration.
00:59:22.483 [main] INFO org.springframework.boot.test.context.SpringBootTestContextBootstrapper -- Found @SpringBootConfiguration finki.diansproject.DiansProjectApplication for test class finki.diansproject.DiansProjectApplicationTests
00:59:22.669 [main] INFO org.springframework.boot.devtools.restart.RestartApplicationListener -- Restart disabled due to context in which it is running

  .   ____          _            __ _ _
 /\\ / ___'_ __ _ _(_)_ __  __ _ \ \ \ \
( ( )\___ | '_ | '_| | '_ \/ _` | \ \ \ \
 \\/  ___)| |_)| | | | | || (_| |  ) ) ) )
  '  |____| .__|_| |_|_| |_\__, | / / / /
 =========|_|==============|___/=/_/_/_/
 :: Spring Boot ::                (v3.2.0)

2024-01-26T00:59:22.887+01:00  INFO 27416 --- [           main] m.p.springdotenv.DotenvPropertySource    : Initializing Dotenv with DotenvConfig{directory=null, filename=null, ignoreIfMalformed=false, ignoreIfMissing=true, systemProperties=false, prefix=null}
2024-01-26T00:59:22.899+01:00  INFO 27416 --- [           main] f.d.DiansProjectApplicationTests         : Starting DiansProjectApplicationTests using Java 21.0.2 with PID 27416 (started by niki in C:\Users\niki\Documents\GitHub\vimak-spring-react\backend)
2024-01-26T00:59:22.899+01:00  INFO 27416 --- [           main] f.d.DiansProjectApplicationTests         : No active profile set, falling back to 1 default profile: "default"
2024-01-26T00:59:23.436+01:00  INFO 27416 --- [           main] .s.d.r.c.RepositoryConfigurationDelegate : Bootstrapping Spring Data MongoDB repositories in DEFAULT mode.
2024-01-26T00:59:23.486+01:00  INFO 27416 --- [           main] .s.d.r.c.RepositoryConfigurationDelegate : Finished Spring Data repository scanning in 46 ms. Found 5 MongoDB repository interfaces.
2024-01-26T00:59:24.000+01:00  INFO 27416 --- [           main] org.mongodb.driver.client                : MongoClient with metadata {"driver": {"name": "mongo-java-driver|sync|spring-boot", "version": "4.11.1"}, "os": {"type": "Windows", "name": "Windows 11", "architecture": "amd64", "version": "10.0"}, "platform": "Java/Oracle Corporation/21.0.2+13-58"} created with settings MongoClientSettings{readPreference=primary, writeConcern=WriteConcern{w=null, wTimeout=null ms, journal=null}, retryWrites=true, retryReads=true, readConcern=ReadConcern{level=null}, credential=MongoCredential{mechanism=null, userName='nikitrajkovski', source='admin', password=<hidden>, mechanismProperties=<hidden>}, transportSettings=null, streamFactoryFactory=null, commandListeners=[], codecRegistry=ProvidersCodecRegistry{codecProviders=[ValueCodecProvider{}, BsonValueCodecProvider{}, DBRefCodecProvider{}, DBObjectCodecProvider{}, DocumentCodecProvider{}, CollectionCodecProvider{}, IterableCodecProvider{}, MapCodecProvider{}, GeoJsonCodecProvider{}, GridFSFileCodecProvider{}, Jsr310CodecProvider{}, JsonObjectCodecProvider{}, BsonCodecProvider{}, EnumCodecProvider{}, com.mongodb.client.model.mql.ExpressionCodecProvider@32091c14, com.mongodb.Jep395RecordCodecProvider@7c40ffef, com.mongodb.KotlinCodecProvider@286855ea]}, loggerSettings=LoggerSettings{maxDocumentLength=1000}, clusterSettings={hosts=[127.0.0.1:27017], srvHost=cluster0.dkuuevm.mongodb.net, srvServiceName=mongodb, mode=MULTIPLE, requiredClusterType=REPLICA_SET, requiredReplicaSetName='atlas-jvhcop-shard-0', serverSelector='null', clusterListeners='[]', serverSelectionTimeout='30000 ms', localThreshold='15 ms'}, socketSettings=SocketSettings{connectTimeoutMS=10000, readTimeoutMS=0, receiveBufferSize=0, proxySettings=ProxySettings{host=null, port=null, username=null, password=null}}, heartbeatSocketSettings=SocketSettings{connectTimeoutMS=10000, readTimeoutMS=10000, receiveBufferSize=0, proxySettings=ProxySettings{host=null, port=null, username=null, password=null}}, connectionPoolSettings=ConnectionPoolSettings{maxSize=100, minSize=0, maxWaitTimeMS=120000, maxConnectionLifeTimeMS=0, maxConnectionIdleTimeMS=0, maintenanceInitialDelayMS=0, maintenanceFrequencyMS=60000, connectionPoolListeners=[], maxConnecting=2}, serverSettings=ServerSettings{heartbeatFrequencyMS=10000, minHeartbeatFrequencyMS=500, serverListeners='[]', serverMonitorListeners='[]'}, sslSettings=SslSettings{enabled=true, invalidHostNameAllowed=false, context=null}, applicationName='null', compressorList=[], uuidRepresentation=JAVA_LEGACY, serverApi=null, autoEncryptionSettings=null, dnsClient=null, inetAddressResolver=null, contextProvider=null}
2024-01-26T00:59:24.055+01:00  INFO 27416 --- [evm.mongodb.net] org.mongodb.driver.cluster               : Adding discovered server ac-i2s5d1k-shard-00-00.dkuuevm.mongodb.net:27017 to client view of cluster
2024-01-26T00:59:24.106+01:00  INFO 27416 --- [evm.mongodb.net] org.mongodb.driver.cluster               : Adding discovered server ac-i2s5d1k-shard-00-01.dkuuevm.mongodb.net:27017 to client view of cluster
2024-01-26T00:59:24.108+01:00  INFO 27416 --- [evm.mongodb.net] org.mongodb.driver.cluster               : Adding discovered server ac-i2s5d1k-shard-00-02.dkuuevm.mongodb.net:27017 to client view of cluster
2024-01-26T00:59:24.870+01:00  INFO 27416 --- [ngodb.net:27017] org.mongodb.driver.cluster               : Monitor thread successfully connected to server with description ServerDescription{address=ac-i2s5d1k-shard-00-02.dkuuevm.mongodb.net:27017, type=REPLICA_SET_PRIMARY, state=CONNECTED, ok=true, minWireVersion=0, maxWireVersion=17, maxDocumentSize=16777216, logicalSessionTimeoutMinutes=30, roundTripTimeNanos=471912600, setName='atlas-jvhcop-shard-0', canonicalAddress=ac-i2s5d1k-shard-00-02.dkuuevm.mongodb.net:27017, hosts=[ac-i2s5d1k-shard-00-00.dkuuevm.mongodb.net:27017, ac-i2s5d1k-shard-00-01.dkuuevm.mongodb.net:27017, ac-i2s5d1k-shard-00-02.dkuuevm.mongodb.net:27017], passives=[], arbiters=[], primary='ac-i2s5d1k-shard-00-02.dkuuevm.mongodb.net:27017', tagSet=TagSet{[Tag{name='availabilityZone', value='euc1-az1'}, Tag{name='diskState', value='READY'}, Tag{name='nodeType', value='ELECTABLE'}, Tag{name='provider', value='AWS'}, Tag{name='region', value='EU_CENTRAL_1'}, Tag{name='workloadType', value='OPERATIONAL'}]}, electionId=7fffffff0000000000000254, setVersion=9, topologyVersion=TopologyVersion{processId=65aec0cd2925b7fe8d38b205, counter=6}, lastWriteDate=Fri Jan 26 00:59:25 CET 2024, lastUpdateTimeNanos=46188752757200}
2024-01-26T00:59:24.870+01:00  INFO 27416 --- [ngodb.net:27017] org.mongodb.driver.cluster               : Monitor thread successfully connected to server with description ServerDescription{address=ac-i2s5d1k-shard-00-01.dkuuevm.mongodb.net:27017, type=REPLICA_SET_SECONDARY, state=CONNECTED, ok=true, minWireVersion=0, maxWireVersion=17, maxDocumentSize=16777216, logicalSessionTimeoutMinutes=30, roundTripTimeNanos=471912400, setName='atlas-jvhcop-shard-0', canonicalAddress=ac-i2s5d1k-shard-00-01.dkuuevm.mongodb.net:27017, hosts=[ac-i2s5d1k-shard-00-00.dkuuevm.mongodb.net:27017, ac-i2s5d1k-shard-00-01.dkuuevm.mongodb.net:27017, ac-i2s5d1k-shard-00-02.dkuuevm.mongodb.net:27017], passives=[], arbiters=[], primary='ac-i2s5d1k-shard-00-02.dkuuevm.mongodb.net:27017', tagSet=TagSet{[Tag{name='availabilityZone', value='euc1-az3'}, Tag{name='diskState', value='READY'}, Tag{name='nodeType', value='ELECTABLE'}, Tag{name='provider', value='AWS'}, Tag{name='region', value='EU_CENTRAL_1'}, Tag{name='workloadType', value='OPERATIONAL'}]}, electionId=null, setVersion=9, topologyVersion=TopologyVersion{processId=65aec138cdb135352ce4e50e, counter=3}, lastWriteDate=Fri Jan 26 00:59:25 CET 2024, lastUpdateTimeNanos=46188752757200}
2024-01-26T00:59:24.870+01:00  INFO 27416 --- [ngodb.net:27017] org.mongodb.driver.cluster               : Monitor thread successfully connected to server with description ServerDescription{address=ac-i2s5d1k-shard-00-00.dkuuevm.mongodb.net:27017, type=REPLICA_SET_SECONDARY, state=CONNECTED, ok=true, minWireVersion=0, maxWireVersion=17, maxDocumentSize=16777216, logicalSessionTimeoutMinutes=30, roundTripTimeNanos=471912500, setName='atlas-jvhcop-shard-0', canonicalAddress=ac-i2s5d1k-shard-00-00.dkuuevm.mongodb.net:27017, hosts=[ac-i2s5d1k-shard-00-00.dkuuevm.mongodb.net:27017, ac-i2s5d1k-shard-00-01.dkuuevm.mongodb.net:27017, ac-i2s5d1k-shard-00-02.dkuuevm.mongodb.net:27017], passives=[], arbiters=[], primary='ac-i2s5d1k-shard-00-02.dkuuevm.mongodb.net:27017', tagSet=TagSet{[Tag{name='availabilityZone', value='euc1-az2'}, Tag{name='diskState', value='READY'}, Tag{name='nodeType', value='ELECTABLE'}, Tag{name='provider', value='AWS'}, Tag{name='region', value='EU_CENTRAL_1'}, Tag{name='workloadType', value='OPERATIONAL'}]}, electionId=null, setVersion=9, topologyVersion=TopologyVersion{processId=65aec06078313bde2844c732, counter=4}, lastWriteDate=Fri Jan 26 00:59:25 CET 2024, lastUpdateTimeNanos=46188752757200}
2024-01-26T00:59:24.880+01:00  INFO 27416 --- [ngodb.net:27017] org.mongodb.driver.cluster               : Discovered replica set primary ac-i2s5d1k-shard-00-02.dkuuevm.mongodb.net:27017 with max election id 7fffffff0000000000000254 and max set version 9
2024-01-26T00:59:25.688+01:00  INFO 27416 --- [           main] o.s.s.web.DefaultSecurityFilterChain     : Will secure any request with [org.springframework.security.web.session.DisableEncodeUrlFilter@315b4202, org.springframework.security.web.context.request.async.WebAsyncManagerIntegrationFilter@58e03769, org.springframework.security.web.context.SecurityContextHolderFilter@5ab7ac02, org.springframework.security.web.header.HeaderWriterFilter@e795a1d, org.springframework.web.filter.CorsFilter@5a899811, org.springframework.security.web.authentication.logout.LogoutFilter@505f45cc, finki.diansproject.security.jwt.AuthTokenFilter@6a51ae7c, org.springframework.security.web.savedrequest.RequestCacheAwareFilter@4fad51a3, org.springframework.security.web.servletapi.SecurityContextHolderAwareRequestFilter@6d7b2319, org.springframework.security.web.authentication.AnonymousAuthenticationFilter@171aa66, org.springframework.security.web.session.SessionManagementFilter@33a47707, org.springframework.security.web.access.ExceptionTranslationFilter@3d033453, org.springframework.security.web.access.intercept.AuthorizationFilter@2499b971]
2024-01-26T00:59:26.146+01:00  WARN 27416 --- [           main] ion$DefaultTemplateResolverConfiguration : Cannot find template location: classpath:/templates/ (please add some templates, check your Thymeleaf configuration, or set spring.thymeleaf.check-template-location=false)
2024-01-26T00:59:26.279+01:00  INFO 27416 --- [           main] f.d.DiansProjectApplicationTests         : Started DiansProjectApplicationTests in 3.626 seconds (process running for 4.682)
]]></system-out>
    <system-err><![CDATA[WARNING: A Java agent has been loaded dynamically (C:\Users\niki\.m2\repository\net\bytebuddy\byte-buddy-agent\1.14.10\byte-buddy-agent-1.14.10.jar)
WARNING: If a serviceability tool is in use, please run with -XX:+EnableDynamicAgentLoading to hide this warning
WARNING: If a serviceability tool is not in use, please run with -Djdk.instrument.traceUsage for more information
WARNING: Dynamic loading of agents will be disallowed by default in a future release
]]></system-err>
  </testcase>
</testsuite>